<?xml version="1.0" encoding="UTF-8"?>
<!-- Generated by org.testng.reporters.JUnitReportReporter -->
<testsuite hostname="NDATSTNPC070" name="test.TestNG_Demo" tests="1" failures="0" timestamp="18 Jun 2019 07:58:21 GMT" time="11.823" errors="0">
  <testcase name="googleSearch" time="11.823" classname="test.TestNG_Demo"/>
</testsuite> <!-- test.TestNG_Demo -->
